<?xml version="1.0" encoding="UTF-8"?>
<testng-results ignored="0" total="1" passed="1" failed="0" skipped="0">
  <reporter-output>
  </reporter-output>
  <suite started-at="2024-12-30T17:44:19 IST" name="Suite" finished-at="2024-12-30T17:44:24 IST" duration-ms="4383">
    <groups>
    </groups>
    <test started-at="2024-12-30T17:44:19 IST" name="Test" finished-at="2024-12-30T17:44:24 IST" duration-ms="4383">
      <class name="com.stc.SLDec24Last.SearchTest">
        <test-method is-config="true" signature="tearUp()[pri:0, instance:com.stc.SLDec24Last.SearchTest@dd0c991]" started-at="2024-12-30T17:44:17 IST" name="tearUp" finished-at="2024-12-30T17:44:19 IST" duration-ms="1812" status="PASS">
          <reporter-output>
          </reporter-output>
        </test-method> <!-- tearUp -->
        <test-method signature="f()[pri:0, instance:com.stc.SLDec24Last.SearchTest@dd0c991]" started-at="2024-12-30T17:44:19 IST" name="f" finished-at="2024-12-30T17:44:24 IST" duration-ms="4329" status="PASS">
          <reporter-output>
          </reporter-output>
        </test-method> <!-- f -->
        <test-method is-config="true" signature="tearDown()[pri:0, instance:com.stc.SLDec24Last.SearchTest@dd0c991]" started-at="2024-12-30T17:44:24 IST" name="tearDown" finished-at="2024-12-30T17:44:24 IST" duration-ms="236" status="PASS">
          <reporter-output>
          </reporter-output>
        </test-method> <!-- tearDown -->
      </class> <!-- com.stc.SLDec24Last.SearchTest -->
    </test> <!-- Test -->
  </suite> <!-- Suite -->
</testng-results>
